<?xml version="1.0" encoding="UTF-8"?>
<!-- Generated by org.testng.reporters.JUnitReportReporter -->
<testsuite skipped="0" hostname="DESKTOP-4I239IR" name="Testing_Assigment.automation_testing" tests="1" failures="0" timestamp="2022-05-11T19:48:16 IST" time="2.648" errors="0">
  <testcase name="HomePage_Launch" time="2.648" classname="Testing_Assigment.automation_testing"/>
  <system-out/>
</testsuite> <!-- Testing_Assigment.automation_testing -->
